Started GET "/" for ::1 at 2024-09-05 09:24:17 +0700
  [1m[35m (0.2ms)[0m  [1m[35mCREATE TABLE "schema_migrations" ("version" varchar NOT NULL PRIMARY KEY)[0m
  [1m[35m (0.1ms)[0m  [1m[35mCREATE TABLE "ar_internal_metadata" ("key" varchar NOT NULL PRIMARY KEY, "value" varchar, "created_at" datetime(6) NOT NULL, "updated_at" datetime(6) NOT NULL)[0m
  [1m[36mActiveRecord::SchemaMigration Load (0.1ms)[0m  [1m[34mSELECT "schema_migrations"."version" FROM "schema_migrations" ORDER BY "schema_migrations"."version" ASC[0m
Processing by Rails::WelcomeController#index as HTML
  Rendering /Users/darasroin/.rbenv/versions/3.3.1/lib/ruby/gems/3.3.0/gems/railties-7.1.4/lib/rails/templates/rails/welcome/index.html.erb
  Rendered /Users/darasroin/.rbenv/versions/3.3.1/lib/ruby/gems/3.3.0/gems/railties-7.1.4/lib/rails/templates/rails/welcome/index.html.erb (Duration: 0.4ms | Allocations: 366)
Completed 200 OK in 17ms (Views: 3.5ms | ActiveRecord: 0.0ms | Allocations: 7758)


Started GET "/" for ::1 at 2024-09-05 09:36:44 +0700
  
NoMatchingPatternError ("root": "registeration#index" === "root" does not return true):
  
config/routes.rb:2:in `block in <main>'
config/routes.rb:1:in `<main>'
Started GET "/" for ::1 at 2024-09-05 09:37:30 +0700
  
ActionController::RoutingError (uninitialized constant RegisterationController):
  
Started GET "/" for ::1 at 2024-09-05 09:38:57 +0700
  
ActionController::RoutingError (uninitialized constant RegisterationController):
  
Started GET "/" for ::1 at 2024-09-05 09:38:58 +0700
  
ActionController::RoutingError (uninitialized constant RegisterationController):
  
Started GET "/" for ::1 at 2024-09-05 09:38:59 +0700
  
ActionController::RoutingError (uninitialized constant RegisterationController):
  
Started GET "/" for ::1 at 2024-09-05 09:42:45 +0700
  
ActionController::RoutingError (uninitialized constant RegisterationController):
  
Started GET "/" for ::1 at 2024-09-05 09:43:33 +0700
Processing by Rails::WelcomeController#index as HTML
  Rendering /Users/darasroin/.rbenv/versions/3.3.1/lib/ruby/gems/3.3.0/gems/railties-7.1.4/lib/rails/templates/rails/welcome/index.html.erb
  Rendered /Users/darasroin/.rbenv/versions/3.3.1/lib/ruby/gems/3.3.0/gems/railties-7.1.4/lib/rails/templates/rails/welcome/index.html.erb (Duration: 0.7ms | Allocations: 256)
Completed 200 OK in 3ms (Views: 1.6ms | ActiveRecord: 0.0ms | Allocations: 884)


Started GET "/registration" for ::1 at 2024-09-05 09:43:36 +0700
  
ActionController::RoutingError (No route matches [GET] "/registration"):
  
Started GET "/register" for ::1 at 2024-09-05 09:43:39 +0700
  
ActionController::RoutingError (uninitialized constant RegisterationController):
  
Started GET "/" for ::1 at 2024-09-05 10:10:33 +0700
  [1m[36mActiveRecord::SchemaMigration Load (0.0ms)[0m  [1m[34mSELECT "schema_migrations"."version" FROM "schema_migrations" ORDER BY "schema_migrations"."version" ASC[0m
Processing by Rails::WelcomeController#index as HTML
  Rendering /Users/darasroin/.rbenv/versions/3.3.1/lib/ruby/gems/3.3.0/gems/railties-7.1.4/lib/rails/templates/rails/welcome/index.html.erb
  Rendered /Users/darasroin/.rbenv/versions/3.3.1/lib/ruby/gems/3.3.0/gems/railties-7.1.4/lib/rails/templates/rails/welcome/index.html.erb (Duration: 0.3ms | Allocations: 366)
Completed 200 OK in 5ms (Views: 1.5ms | ActiveRecord: 0.0ms | Allocations: 4302)


Started GET "/" for ::1 at 2024-09-05 10:11:34 +0700
  
ActionController::RoutingError (uninitialized constant RegistrationController):
  
Started GET "/" for ::1 at 2024-09-05 10:11:58 +0700
  
ArgumentError (Missing :controller key on routes definition, please check your routes.):
  
config/routes.rb:2:in `block in <main>'
config/routes.rb:1:in `<main>'
Started GET "/" for ::1 at 2024-09-05 10:12:08 +0700
  
ActionController::RoutingError (uninitialized constant RegistrationController):
  
Started GET "/" for ::1 at 2024-09-05 10:12:18 +0700
  
SyntaxError (/Users/darasroin/Documents/ODDs-special-project/Rails-RegistrationForm/config/routes.rb:3: unterminated string meets end of file
/Users/darasroin/Documents/ODDs-special-project/Rails-RegistrationForm/config/routes.rb:3: syntax error, unexpected end-of-input, expecting `end' or dummy end):
  
config/routes.rb:3: unterminated string meets end of file
config/routes.rb:3: syntax error, unexpected end-of-input, expecting `end' or dummy end
Started GET "/" for ::1 at 2024-09-05 10:12:31 +0700
  
ActionController::RoutingError (uninitialized constant RegistrationController):
  
Started GET "/" for ::1 at 2024-09-05 10:12:32 +0700
  
ActionController::RoutingError (uninitialized constant RegistrationController):
  
Started GET "/" for ::1 at 2024-09-05 10:12:42 +0700
Processing by RegistrationsController#index as HTML
Completed 406 Not Acceptable in 1ms (ActiveRecord: 0.0ms | Allocations: 879)


  
ActionController::MissingExactTemplate (RegistrationsController#index is missing a template for request formats: text/html):
  
actionpack (7.1.4) lib/action_controller/metal/implicit_render.rb:47:in `default_render'
actionpack (7.1.4) lib/action_controller/metal/basic_implicit_render.rb:7:in `send_action'
actionpack (7.1.4) lib/abstract_controller/base.rb:224:in `process_action'
actionpack (7.1.4) lib/action_controller/metal/rendering.rb:165:in `process_action'
actionpack (7.1.4) lib/abstract_controller/callbacks.rb:259:in `block in process_action'
activesupport (7.1.4) lib/active_support/callbacks.rb:121:in `block in run_callbacks'
turbo-rails (2.0.6) lib/turbo-rails.rb:24:in `with_request_id'
turbo-rails (2.0.6) app/controllers/concerns/turbo/request_id_tracking.rb:10:in `turbo_tracking_request_id'
activesupport (7.1.4) lib/active_support/callbacks.rb:130:in `block in run_callbacks'
actiontext (7.1.4) lib/action_text/rendering.rb:23:in `with_renderer'
actiontext (7.1.4) lib/action_text/engine.rb:69:in `block (4 levels) in <class:Engine>'
activesupport (7.1.4) lib/active_support/callbacks.rb:130:in `instance_exec'
activesupport (7.1.4) lib/active_support/callbacks.rb:130:in `block in run_callbacks'
activesupport (7.1.4) lib/active_support/callbacks.rb:141:in `run_callbacks'
actionpack (7.1.4) lib/abstract_controller/callbacks.rb:258:in `process_action'
actionpack (7.1.4) lib/action_controller/metal/rescue.rb:25:in `process_action'
actionpack (7.1.4) lib/action_controller/metal/instrumentation.rb:74:in `block in process_action'
activesupport (7.1.4) lib/active_support/notifications.rb:206:in `block in instrument'
activesupport (7.1.4) lib/active_support/notifications/instrumenter.rb:58:in `instrument'
activesupport (7.1.4) lib/active_support/notifications.rb:206:in `instrument'
actionpack (7.1.4) lib/action_controller/metal/instrumentation.rb:73:in `process_action'
actionpack (7.1.4) lib/action_controller/metal/params_wrapper.rb:261:in `process_action'
activerecord (7.1.4) lib/active_record/railties/controller_runtime.rb:32:in `process_action'
actionpack (7.1.4) lib/abstract_controller/base.rb:160:in `process'
actionview (7.1.4) lib/action_view/rendering.rb:40:in `process'
actionpack (7.1.4) lib/action_controller/metal.rb:227:in `dispatch'
actionpack (7.1.4) lib/action_controller/metal.rb:309:in `dispatch'
actionpack (7.1.4) lib/action_dispatch/routing/route_set.rb:49:in `dispatch'
actionpack (7.1.4) lib/action_dispatch/routing/route_set.rb:32:in `serve'
actionpack (7.1.4) lib/action_dispatch/journey/router.rb:51:in `block in serve'
actionpack (7.1.4) lib/action_dispatch/journey/router.rb:131:in `block in find_routes'
actionpack (7.1.4) lib/action_dispatch/journey/router.rb:124:in `each'
actionpack (7.1.4) lib/action_dispatch/journey/router.rb:124:in `find_routes'
actionpack (7.1.4) lib/action_dispatch/journey/router.rb:32:in `serve'
actionpack (7.1.4) lib/action_dispatch/routing/route_set.rb:882:in `call'
rack (3.1.7) lib/rack/tempfile_reaper.rb:20:in `call'
rack (3.1.7) lib/rack/etag.rb:29:in `call'
rack (3.1.7) lib/rack/conditional_get.rb:31:in `call'
rack (3.1.7) lib/rack/head.rb:15:in `call'
actionpack (7.1.4) lib/action_dispatch/http/permissions_policy.rb:36:in `call'
actionpack (7.1.4) lib/action_dispatch/http/content_security_policy.rb:33:in `call'
rack-session (2.0.0) lib/rack/session/abstract/id.rb:272:in `context'
rack-session (2.0.0) lib/rack/session/abstract/id.rb:266:in `call'
actionpack (7.1.4) lib/action_dispatch/middleware/cookies.rb:689:in `call'
activerecord (7.1.4) lib/active_record/migration.rb:655:in `call'
actionpack (7.1.4) lib/action_dispatch/middleware/callbacks.rb:29:in `block in call'
activesupport (7.1.4) lib/active_support/callbacks.rb:101:in `run_callbacks'
actionpack (7.1.4) lib/action_dispatch/middleware/callbacks.rb:28:in `call'
actionpack (7.1.4) lib/action_dispatch/middleware/executor.rb:14:in `call'
actionpack (7.1.4) lib/action_dispatch/middleware/actionable_exceptions.rb:16:in `call'
actionpack (7.1.4) lib/action_dispatch/middleware/debug_exceptions.rb:29:in `call'
web-console (4.2.1) lib/web_console/middleware.rb:132:in `call_app'
web-console (4.2.1) lib/web_console/middleware.rb:28:in `block in call'
web-console (4.2.1) lib/web_console/middleware.rb:17:in `catch'
web-console (4.2.1) lib/web_console/middleware.rb:17:in `call'
actionpack (7.1.4) lib/action_dispatch/middleware/show_exceptions.rb:31:in `call'
railties (7.1.4) lib/rails/rack/logger.rb:37:in `call_app'
railties (7.1.4) lib/rails/rack/logger.rb:24:in `block in call'
activesupport (7.1.4) lib/active_support/tagged_logging.rb:139:in `block in tagged'
activesupport (7.1.4) lib/active_support/tagged_logging.rb:39:in `tagged'
activesupport (7.1.4) lib/active_support/tagged_logging.rb:139:in `tagged'
activesupport (7.1.4) lib/active_support/broadcast_logger.rb:241:in `method_missing'
railties (7.1.4) lib/rails/rack/logger.rb:24:in `call'
sprockets-rails (3.5.2) lib/sprockets/rails/quiet_assets.rb:17:in `call'
actionpack (7.1.4) lib/action_dispatch/middleware/remote_ip.rb:92:in `call'
actionpack (7.1.4) lib/action_dispatch/middleware/request_id.rb:28:in `call'
rack (3.1.7) lib/rack/method_override.rb:28:in `call'
rack (3.1.7) lib/rack/runtime.rb:24:in `call'
activesupport (7.1.4) lib/active_support/cache/strategy/local_cache_middleware.rb:29:in `call'
actionpack (7.1.4) lib/action_dispatch/middleware/server_timing.rb:59:in `block in call'
actionpack (7.1.4) lib/action_dispatch/middleware/server_timing.rb:24:in `collect_events'
actionpack (7.1.4) lib/action_dispatch/middleware/server_timing.rb:58:in `call'
actionpack (7.1.4) lib/action_dispatch/middleware/executor.rb:14:in `call'
actionpack (7.1.4) lib/action_dispatch/middleware/static.rb:25:in `call'
rack (3.1.7) lib/rack/sendfile.rb:114:in `call'
actionpack (7.1.4) lib/action_dispatch/middleware/host_authorization.rb:141:in `call'
railties (7.1.4) lib/rails/engine.rb:536:in `call'
puma (6.4.2) lib/puma/configuration.rb:272:in `call'
puma (6.4.2) lib/puma/request.rb:100:in `block in handle_request'
puma (6.4.2) lib/puma/thread_pool.rb:378:in `with_force_shutdown'
puma (6.4.2) lib/puma/request.rb:99:in `handle_request'
puma (6.4.2) lib/puma/server.rb:464:in `process_client'
puma (6.4.2) lib/puma/server.rb:245:in `block in run'
puma (6.4.2) lib/puma/thread_pool.rb:155:in `block in spawn_thread'
Started GET "/" for ::1 at 2024-09-05 10:12:53 +0700
Processing by RegistrationsController#index as HTML
  Rendering layout layouts/application.html.erb
  Rendering registrations/index.html.erb within layouts/application
  Rendered registrations/index.html.erb within layouts/application (Duration: 0.2ms | Allocations: 94)
  Rendered layout layouts/application.html.erb (Duration: 137.0ms | Allocations: 94424)
Completed 200 OK in 139ms (Views: 138.5ms | ActiveRecord: 0.0ms | Allocations: 95330)


Started GET "/" for ::1 at 2024-09-05 10:31:04 +0700
Processing by RegistrationsController#index as HTML
  Rendering layout layouts/application.html.erb
  Rendering registrations/index.html.erb within layouts/application
  Rendered registrations/index.html.erb within layouts/application (Duration: 0.2ms | Allocations: 115)
  Rendered layout layouts/application.html.erb (Duration: 15.3ms | Allocations: 17096)
Completed 200 OK in 17ms (Views: 16.3ms | ActiveRecord: 0.0ms | Allocations: 17994)


Started GET "/" for ::1 at 2024-09-05 10:32:25 +0700
Processing by RegistrationsController#index as HTML
  Rendering layout layouts/application.html.erb
  Rendering registrations/index.html.erb within layouts/application
  Rendered registrations/index.html.erb within layouts/application (Duration: 0.2ms | Allocations: 120)
  Rendered layout layouts/application.html.erb (Duration: 8.9ms | Allocations: 14875)
Completed 200 OK in 11ms (Views: 10.0ms | ActiveRecord: 0.0ms | Allocations: 15774)


Started GET "/" for ::1 at 2024-09-05 10:35:10 +0700
Processing by RegistrationsController#index as HTML
  Rendering layout layouts/application.html.erb
  Rendering registrations/index.html.erb within layouts/application
  Rendered registrations/index.html.erb within layouts/application (Duration: 0.2ms | Allocations: 120)
  Rendered layout layouts/application.html.erb (Duration: 8.8ms | Allocations: 14693)
Completed 200 OK in 11ms (Views: 10.0ms | ActiveRecord: 0.0ms | Allocations: 15590)


Started GET "/" for ::1 at 2024-09-05 10:36:33 +0700
Processing by RegistrationsController#index as HTML
  Rendering layout layouts/application.html.erb
  Rendering registrations/index.html.erb within layouts/application
  Rendered registrations/index.html.erb within layouts/application (Duration: 0.2ms | Allocations: 122)
  Rendered layout layouts/application.html.erb (Duration: 11.1ms | Allocations: 14848)
Completed 200 OK in 13ms (Views: 12.2ms | ActiveRecord: 0.0ms | Allocations: 15741)


Started GET "/" for ::1 at 2024-09-05 10:37:14 +0700
Processing by RegistrationsController#index as HTML
  Rendering layout layouts/application.html.erb
  Rendering registrations/index.html.erb within layouts/application
  Rendered registrations/index.html.erb within layouts/application (Duration: 0.2ms | Allocations: 126)
  Rendered layout layouts/application.html.erb (Duration: 8.5ms | Allocations: 14749)
Completed 200 OK in 11ms (Views: 9.7ms | ActiveRecord: 0.0ms | Allocations: 15647)


Started GET "/" for ::1 at 2024-09-05 10:38:28 +0700
Processing by RegistrationsController#index as HTML
  Rendering layout layouts/application.html.erb
  Rendering registrations/index.html.erb within layouts/application
  Rendered registrations/index.html.erb within layouts/application (Duration: 0.2ms | Allocations: 123)
  Rendered layout layouts/application.html.erb (Duration: 11.2ms | Allocations: 14755)
Completed 200 OK in 13ms (Views: 12.3ms | ActiveRecord: 0.0ms | Allocations: 15648)


Started GET "/" for ::1 at 2024-09-05 10:38:50 +0700
Processing by RegistrationsController#index as HTML
  Rendering layout layouts/application.html.erb
  Rendering registrations/index.html.erb within layouts/application
  Rendered registrations/index.html.erb within layouts/application (Duration: 0.3ms | Allocations: 126)
  Rendered layout layouts/application.html.erb (Duration: 9.6ms | Allocations: 14789)
Completed 200 OK in 12ms (Views: 10.7ms | ActiveRecord: 0.0ms | Allocations: 15687)


Started GET "/" for ::1 at 2024-09-05 10:40:10 +0700
Processing by RegistrationsController#index as HTML
  Rendering layout layouts/application.html.erb
  Rendering registrations/index.html.erb within layouts/application
  Rendered registrations/index.html.erb within layouts/application (Duration: 0.2ms | Allocations: 126)
  Rendered layout layouts/application.html.erb (Duration: 8.1ms | Allocations: 14670)
Completed 200 OK in 10ms (Views: 9.2ms | ActiveRecord: 0.0ms | Allocations: 15563)


Started GET "/" for ::1 at 2024-09-05 10:41:58 +0700
Processing by RegistrationsController#index as HTML
  Rendering layout layouts/application.html.erb
  Rendering registrations/index.html.erb within layouts/application
  Rendered registrations/index.html.erb within layouts/application (Duration: 0.3ms | Allocations: 133)
  Rendered layout layouts/application.html.erb (Duration: 8.3ms | Allocations: 14842)
Completed 200 OK in 10ms (Views: 9.4ms | ActiveRecord: 0.0ms | Allocations: 15743)


Started GET "/" for ::1 at 2024-09-05 10:43:37 +0700
Processing by RegistrationsController#index as HTML
  Rendering layout layouts/application.html.erb
  Rendering registrations/index.html.erb within layouts/application
  Rendered registrations/index.html.erb within layouts/application (Duration: 0.2ms | Allocations: 136)
  Rendered layout layouts/application.html.erb (Duration: 8.3ms | Allocations: 14680)
Completed 200 OK in 10ms (Views: 9.3ms | ActiveRecord: 0.0ms | Allocations: 15573)


Started GET "/" for ::1 at 2024-09-05 10:44:14 +0700
Processing by RegistrationsController#index as HTML
  Rendering layout layouts/application.html.erb
  Rendering registrations/index.html.erb within layouts/application
  Rendered registrations/index.html.erb within layouts/application (Duration: 0.2ms | Allocations: 139)
  Rendered layout layouts/application.html.erb (Duration: 7.6ms | Allocations: 14841)
Completed 200 OK in 9ms (Views: 8.6ms | ActiveRecord: 0.0ms | Allocations: 15739)


